<?xml version="1.0" encoding="UTF-8"?>
<!-- Generated by org.testng.reporters.JUnitReportReporter -->
<testsuite hostname="Alizafarah" failures="0" tests="1" name="com.cucumber.test.RunnerFile" time="6.837" errors="0" timestamp="2022-11-26T00:35:42 EST" skipped="0">
  <testcase classname="com.cucumber.test.RunnerFile" name="runScenario" time="6.837"/>
  <system-out/>
</testsuite> <!-- com.cucumber.test.RunnerFile -->
